Thu Dec 23 13:12:19 PST 2021
EVENTS: 423187757  1  50864
FIRST:  423187757  1      2019-02-10 07:12:01 6154410      3 false 6
LAST:   423187757  50864  2021-12-23 13:12:18 3922570474   4 true  44

Thu Dec 23 13:12:41 PST 2021
EVENTS: 423187757  1  50888
FIRST:  423187757  1      2019-02-10 07:12:01 6154410      3 false 6
LAST:   423187757  50888  2021-12-23 13:12:40 3922570474   4 true  44

Thu Dec 23 13:13:35 PST 2021
EVENTS: 423187757  1  50912
FIRST:  423187757  1      2019-02-10 07:12:01 6154410      3 false 6
LAST:   423187757  50912  2021-12-23 13:13:35 3922570474   4 true  44

Thu Dec 23 13:14:02 PST 2021
EVENTS: 423187757  1  50936
FIRST:  423187757  1      2019-02-10 07:12:01 6154410      3 false 6
LAST:   423187757  50936  2021-12-23 13:14:01 3922570474   4 true  44

Thu Dec 23 13:14:26 PST 2021
EVENTS: 423187757  1  50960
FIRST:  423187757  1      2019-02-10 07:12:01 6154410      3 false 6
LAST:   423187757  50960  2021-12-23 13:14:25 3922570474   4 true  44

Thu Dec 23 14:43:40 PST 2021
EVENTS: 423187757  1  70964
FIRST:  423187757  1      2019-02-10 07:12:01 6154410      3 false 6
LAST:   423187757  70964  2021-12-23 14:43:39 3922570474   4 true  44

Thu Dec 23 16:17:23 PST 2021
EVENTS: 423187757  1  90968
FIRST:  423187757  1      2019-02-10 07:12:01 6154410      3 false 6
LAST:   423187757  90968  2021-12-23 16:17:22 3922570474   4 true  44

Thu Dec 23 17:45:27 PST 2021
EVENTS: 423187757  1  110972
FIRST:  423187757  1      2019-02-10 07:12:01 6154410      3 false 6
LAST:   423187757  110972 2021-12-23 17:45:26 3922570474   4 true  44

Thu Dec 23 19:13:30 PST 2021
EVENTS: 423187757  1  130976
FIRST:  423187757  1      2019-02-10 07:12:01 6154410      3 false 6
LAST:   423187757  130976 2021-12-23 19:13:29 3922570474   4 true  44

Fri Dec 24 10:57:51 PST 2021
EVENTS: 423187757  1  150984
FIRST:  423187757  1      2019-02-10 07:12:01 6154410      3 false 6
LAST:   423187757  150984 2021-12-24 10:57:50 3922570474   4 true  44

Fri Dec 24 14:16:01 PST 2021
EVENTS: 423187757  1  186809
FIRST:  423187757  1      2019-02-10 07:12:01 6154410      3 false 6
LAST:   423187757  186809 2021-12-24 14:16:01 3922570474   4 true  44

Fri Dec 24 17:15:49 PST 2021
EVENTS: 423187757  2049  206817
FIRST:  423187757  2049   2021-12-17 11:42:55 3922570474   4 true  44
LAST:   423187757  206817 2021-12-24 17:15:48 3922570474   4 true  44

Fri Dec 24 17:19:37 PST 2021
EVENTS: 423187757  2049   2021-12-17 11:42:55 3922570474   4 true  44
FIRST:  423187757  206825 2021-12-24 17:19:37 3922570474   4 true  44
LAST:   423187757  2049  206825

Fri Dec 24 17:20:39 PST 2021
EVENTS: 423187757  2049  206833
FIRST:  423187757  2049   2021-12-17 11:42:55 3922570474   4 true  44
LAST:   423187757  206833 2021-12-24 17:20:39 3922570474   4 true  44

